<?xml version="1.0" encoding="UTF-8"?>
<!-- Generated by org.testng.reporters.JUnitReportReporter -->
<testsuite hostname="HARSHITA" failures="0" tests="1" name="iFramesDemo.IFrameHandling" time="9.579" errors="0" timestamp="28 Aug 2018 17:03:46 GMT">
  <testcase classname="iFramesDemo.IFrameHandling" name="IFrameHandle" time="9.579"/>
</testsuite> <!-- iFramesDemo.IFrameHandling -->
